JvmtiExport can_access_local_variables 0
JvmtiExport can_hotswap_or_post_breakpoint 0
JvmtiExport can_post_on_exceptions 0
# 490 ciObject found
ciMethod java/lang/Object <init> ()V 4097 1 15163194 0 0
ciMethod java/lang/Comparable compareTo (Ljava/lang/Object;)I 0 0 1 0 -1
ciMethod java/lang/System arraycopy (Ljava/lang/Object;ILjava/lang/Object;II)V 5121 1 640 0 -1
ciMethod java/lang/StringBuilder <init> ()V 609 1 50981 0 -1
ciMethod java/lang/StringBuilder append (Ljava/lang/Object;)Ljava/lang/StringBuilder; 105 1 13 0 -1
ciMethod java/lang/StringBuilder append (Ljava/lang/String;)Ljava/lang/StringBuilder; 953 1 143475 0 -1
ciMethod java/lang/StringBuilder toString ()Ljava/lang/String; 609 1 54312 0 -1
ciMethod java/lang/Number <init> ()V 2185 1 338 0 0
ciMethod java/lang/Integer valueOf (I)Ljava/lang/Integer; 2377 1 24264 0 224
ciMethod java/lang/Integer <init> (I)V 2065 1 323 0 0
ciMethod java/lang/NullPointerException <init> (Ljava/lang/String;)V 0 0 1 0 -1
ciMethod java/util/Comparator compare (Ljava/lang/Object;Ljava/lang/Object;)I 0 0 1 0 -1
ciMethod java/util/AbstractCollection <init> ()V 305 1 2778379 0 0
ciMethod java/util/ArrayList <init> (I)V 4097 1 206141 0 -1
ciMethod java/util/ArrayList <init> ()V 1361 1 1789252 0 -1
ciMethod java/util/ArrayList ensureCapacityInternal (I)V 641 1 4835781 0 -1
ciMethod java/util/ArrayList size ()I 1089 1 136 0 0
ciMethod java/util/ArrayList elementData (I)Ljava/lang/Object; 2289 1 12861100 0 0
ciMethod java/util/ArrayList get (I)Ljava/lang/Object; 2185 1 12586153 0 128
ciMethod java/util/ArrayList set (ILjava/lang/Object;)Ljava/lang/Object; 43993 1 187606 0 224
ciMethod java/util/ArrayList add (Ljava/lang/Object;)Z 641 1 4732804 0 -1
ciMethod java/util/ArrayList add (ILjava/lang/Object;)V 4097 1 102219 0 1056
ciMethod java/util/ArrayList clear ()V 3481 8665 135774 0 -1
ciMethod java/util/ArrayList rangeCheck (I)V 2225 1 12800360 0 0
ciMethod java/util/ArrayList rangeCheckForAdd (I)V 4097 1 102221 0 -1
ciMethod java/util/ArrayList iterator ()Ljava/util/Iterator; 2089 1 2071526 0 192
ciMethod java/util/ArrayList access$100 (Ljava/util/ArrayList;)I 1425 1 178 0 0
ciMethod java/util/Set iterator ()Ljava/util/Iterator; 0 0 1 0 -1
ciMethod java/util/AbstractSet <init> ()V 81 1 647501 0 0
ciMethod java/util/AbstractMap <init> ()V 345 1 1177761 0 0
ciMethod java/util/Map$Entry getKey ()Ljava/lang/Object; 0 0 1 0 -1
ciMethod java/util/Map$Entry setValue (Ljava/lang/Object;)Ljava/lang/Object; 0 0 1 0 -1
ciMethod java/util/Iterator hasNext ()Z 0 0 1 0 -1
ciMethod java/util/Iterator next ()Ljava/lang/Object; 0 0 1 0 -1
ciMethodData java/lang/Object <init> ()V 2 15163195 orig 264 72 34 219 115 0 0 0 0 128 4 43 27 0 0 0 0 32 1 0 0 0 0 0 0 0 0 0 0 0 0 0 0 0 0 0 0 0 0 0 0 0 0 0 0 0 0 0 0 0 0 0 0 0 0 0 0 0 0 0 0 0 0 0 0 0 0 0 0 0 0 0 0 0 0 0 0 0 0 0 0 77 68 79 32 101 120 116 114 97 32 100 97 116 97 32 108 111 99 107 0 0 0 0 0 0 0 0 0 0 0 0 0 0 0 0 0 0 0 0 0 0 0 0 0 0 0 0 0 0 0 0 0 0 0 0 0 0 0 0 0 0 0 0 0 0 0 0 0 0 0 0 0 0 0 0 0 0 0 0 0 0 0 0 0 0 0 0 0 0 0 0 0 0 0 0 0 0 0 0 0 0 0 0 0 1 0 0 0 0 0 0 0 1 0 0 0 0 0 0 0 1 0 0 0 0 0 0 0 0 0 0 0 0 0 0 0 0 2 0 0 217 233 58 7 1 0 0 0 0 0 0 0 0 0 0 0 2 0 0 0 0 0 3 0 1 0 0 0 0 0 0 0 255 255 255 255 0 0 0 0 0 0 0 0 data 0 oops 0
ciMethod java/lang/IllegalArgumentException <init> (Ljava/lang/String;)V 0 0 1 0 -1
ciMethod java/util/TreeMap <init> ()V 2457 1 18216 0 0
ciMethod java/util/TreeMap size ()I 2073 1 259 0 0
ciMethod java/util/TreeMap get (Ljava/lang/Object;)Ljava/lang/Object; 4097 1 321192 0 -1
ciMethod java/util/TreeMap put (Ljava/lang/Object;Ljava/lang/Object;)Ljava/lang/Object; 4097 5513 15290 0 2336
ciMethod java/util/TreeMap entrySet ()Ljava/util/Set; 180225 1 33198 0 192
ciMethod java/util/TreeMap compare (Ljava/lang/Object;Ljava/lang/Object;)I 1641 1 3457 0 -1
ciMethod java/util/TreeMap fixAfterInsertion (Ljava/util/TreeMap$Entry;)V 2505 2041 10612 0 -1
ciMethod java/util/TreeMap$Entry <init> (Ljava/lang/Object;Ljava/lang/Object;Ljava/util/TreeMap$Entry;)V 4097 1 15290 0 -1
ciMethod java/util/TreeMap$Entry setValue (Ljava/lang/Object;)Ljava/lang/Object; 1 1 449 0 -1
ciMethodData java/util/ArrayList get (I)Ljava/lang/Object; 2 12586153 orig 264 72 34 219 115 0 0 0 0 0 217 55 27 0 0 0 0 144 1 0 0 0 0 0 0 0 0 0 0 0 0 0 0 0 0 0 0 0 0 0 0 0 0 0 0 0 0 0 0 0 0 0 0 0 0 0 0 0 0 0 0 0 0 0 0 0 0 0 0 0 0 0 0 0 0 0 0 0 0 0 0 77 68 79 32 101 120 116 114 97 32 100 97 116 97 32 108 111 99 107 0 0 0 0 0 0 0 0 0 0 0 0 0 0 0 0 0 0 0 0 0 0 0 0 0 0 0 0 0 0 0 0 0 0 0 0 0 0 0 0 0 0 0 0 0 0 0 0 0 0 0 0 0 0 0 0 0 0 0 0 0 0 0 0 0 0 0 0 0 0 0 0 0 0 0 0 0 0 0 0 0 0 0 0 0 0 0 0 0 0 0 0 0 0 0 0 0 0 0 0 0 0 0 0 0 0 0 0 0 0 0 0 0 0 0 0 0 17 1 0 0 193 92 0 6 1 0 0 0 0 0 0 0 0 0 0 0 2 0 0 0 0 0 6 0 2 0 0 0 64 0 0 0 255 255 255 255 2 0 2 0 0 0 0 0 data 8 0x20002 0xc041d2 0x70005 0x0 0x221a84e0 0xc0a8af 0x0 0x0 oops 1